<?xml version="1.0" encoding="UTF-8"?>
<testsuite xmlns:xsi="http://www.w3.org/2001/XMLSchema-instance" xsi:noNamespaceSchemaLocation="https://maven.apache.org/surefire/maven-surefire-plugin/xsd/surefire-test-report.xsd" name="Runner" time="8.525" tests="43" errors="0" skipped="42" failures="0">
  <properties>
[...]
</properties>
  <testcase name="TC01 kullanici phone arattiginda sonuc bulabilmeli" classname="io.cucumber.junit.platform.engine.CucumberTestEngine" time="0">
    <skipped message="&apos;cucumber.filter.tags=@wip&apos; did not match this scenario"/>
    <system-err><![CDATA[Jan 23, 2025 8:14:59 PM io.cucumber.junit.platform.engine.DiscoverySelectorResolver warnWhenCucumberFeaturesPropertyIsUsed
WARNING: Discovering tests using the cucumber.features property. Other discovery selectors are ignored!

This is a work around for the limited JUnit 5 support in Maven and Gradle. Please request/upvote/sponsor/ect better support for JUnit 5 discovery selectors. For details see: https://github.com/cucumber/cucumber-jvm/pull/2498

If you are using the JUnit 5 Suite Engine, Platform Launcher API or Console Launcher you should not use this property. Please consult the JUnit 5 documentation on test selection.
]]></system-err>
  </testcase>
  <testcase name="TC02 kullanici dress arattiginda sonuc bulabilmeli" classname="io.cucumber.junit.platform.engine.CucumberTestEngine" time="0">
    <skipped message="&apos;cucumber.filter.tags=@wip&apos; did not match this scenario"/>
  </testcase>
  <testcase name="TC03 kullanici Java arattiginda sonuc bulamamali" classname="io.cucumber.junit.platform.engine.CucumberTestEngine" time="0">
    <skipped message="&apos;cucumber.filter.tags=@wip&apos; did not match this scenario"/>
  </testcase>
  <testcase name="TC04 Kullanici arattigi urunu sepete ekleyebilmeli" classname="io.cucumber.junit.platform.engine.CucumberTestEngine" time="0">
    <skipped message="&apos;cucumber.filter.tags=@wip&apos; did not match this scenario"/>
  </testcase>
  <testcase name="TC05 Kullanici sepete ekledigi urunun dogru sekilde sepete eklendigini kontrol edebilmeli" classname="io.cucumber.junit.platform.engine.CucumberTestEngine" time="0">
    <skipped message="&apos;cucumber.filter.tags=@wip&apos; did not match this scenario"/>
  </testcase>
  <testcase name="TC06 kullanici phone arattiginda sonuc bulabilmeli" classname="io.cucumber.junit.platform.engine.CucumberTestEngine" time="0">
    <skipped message="&apos;cucumber.filter.tags=@wip&apos; did not match this scenario"/>
  </testcase>
  <testcase name="TC07 kullanici dress arattiginda sonuc bulabilmeli" classname="io.cucumber.junit.platform.engine.CucumberTestEngine" time="0">
    <skipped message="&apos;cucumber.filter.tags=@wip&apos; did not match this scenario"/>
  </testcase>
  <testcase name="TC08 kullanici Java arattiginda sonuc bulamamali" classname="io.cucumber.junit.platform.engine.CucumberTestEngine" time="0">
    <skipped message="&apos;cucumber.filter.tags=@wip&apos; did not match this scenario"/>
  </testcase>
  <testcase name="TC09 Kullanici verilen her urunu tek step ile aratabilmeli" classname="io.cucumber.junit.platform.engine.CucumberTestEngine" time="0">
    <skipped message="&apos;cucumber.filter.tags=@wip&apos; did not match this scenario"/>
  </testcase>
  <testcase name="TC10 Kullanici configuration dosyasindaki gecerli datalarla giris yapabilmeli" classname="io.cucumber.junit.platform.engine.CucumberTestEngine" time="0">
    <skipped message="&apos;cucumber.filter.tags=@wip&apos; did not match this scenario"/>
  </testcase>
  <testcase name="TC11 Kullanici gecersiz email ve gecerli password ile giris yapamamali" classname="io.cucumber.junit.platform.engine.CucumberTestEngine" time="0">
    <skipped message="&apos;cucumber.filter.tags=@wip&apos; did not match this scenario"/>
  </testcase>
  <testcase name="TC12 Kullanici gecerli email ve gecersiz password ile giris yapamamali" classname="io.cucumber.junit.platform.engine.CucumberTestEngine" time="0">
    <skipped message="&apos;cucumber.filter.tags=@wip&apos; did not match this scenario"/>
  </testcase>
  <testcase name="TC13 Kullanici gecersiz email ve gecersiz password ile giris yapamamali" classname="io.cucumber.junit.platform.engine.CucumberTestEngine" time="0">
    <skipped message="&apos;cucumber.filter.tags=@wip&apos; did not match this scenario"/>
  </testcase>
  <testcase name="TC14 Kullanici fake bilgilerle kullanici olusturabilmeli" classname="io.cucumber.junit.platform.engine.CucumberTestEngine" time="0">
    <skipped message="&apos;cucumber.filter.tags=@wip&apos; did not match this scenario"/>
  </testcase>
  <testcase name="TC15 Kullanici sepete dogru urun eklendigini test edebilmeli" classname="io.cucumber.junit.platform.engine.CucumberTestEngine" time="0">
    <skipped message="&apos;cucumber.filter.tags=@wip&apos; did not match this scenario"/>
  </testcase>
  <testcase name="TC16 Kullanici butonlarin gorundugunu ve calistigini test eder" classname="io.cucumber.junit.platform.engine.CucumberTestEngine" time="0">
    <skipped message="&apos;cucumber.filter.tags=@wip&apos; did not match this scenario"/>
  </testcase>
  <testcase name="Example #1.1" classname="io.cucumber.junit.platform.engine.CucumberTestEngine" time="0">
    <skipped message="&apos;cucumber.filter.tags=@wip&apos; did not match this scenario"/>
  </testcase>
  <testcase name="Example #1.1" classname="io.cucumber.junit.platform.engine.CucumberTestEngine" time="0">
    <skipped message="&apos;cucumber.filter.tags=@wip&apos; did not match this scenario"/>
  </testcase>
  <testcase name="Example #1.1" classname="io.cucumber.junit.platform.engine.CucumberTestEngine" time="0">
    <skipped message="&apos;cucumber.filter.tags=@wip&apos; did not match this scenario"/>
  </testcase>
  <testcase name="Example #1.1" classname="io.cucumber.junit.platform.engine.CucumberTestEngine" time="0">
    <skipped message="&apos;cucumber.filter.tags=@wip&apos; did not match this scenario"/>
  </testcase>
  <testcase name="Example #1.2" classname="io.cucumber.junit.platform.engine.CucumberTestEngine" time="0">
    <skipped message="&apos;cucumber.filter.tags=@wip&apos; did not match this scenario"/>
  </testcase>
  <testcase name="Example #1.2" classname="io.cucumber.junit.platform.engine.CucumberTestEngine" time="0">
    <skipped message="&apos;cucumber.filter.tags=@wip&apos; did not match this scenario"/>
  </testcase>
  <testcase name="Example #1.2" classname="io.cucumber.junit.platform.engine.CucumberTestEngine" time="0">
    <skipped message="&apos;cucumber.filter.tags=@wip&apos; did not match this scenario"/>
  </testcase>
  <testcase name="Example #1.2" classname="io.cucumber.junit.platform.engine.CucumberTestEngine" time="0">
    <skipped message="&apos;cucumber.filter.tags=@wip&apos; did not match this scenario"/>
  </testcase>
  <testcase name="Example #1.3" classname="io.cucumber.junit.platform.engine.CucumberTestEngine" time="0">
    <skipped message="&apos;cucumber.filter.tags=@wip&apos; did not match this scenario"/>
  </testcase>
  <testcase name="Example #1.3" classname="io.cucumber.junit.platform.engine.CucumberTestEngine" time="0">
    <skipped message="&apos;cucumber.filter.tags=@wip&apos; did not match this scenario"/>
  </testcase>
  <testcase name="Example #1.3" classname="io.cucumber.junit.platform.engine.CucumberTestEngine" time="0">
    <skipped message="&apos;cucumber.filter.tags=@wip&apos; did not match this scenario"/>
  </testcase>
  <testcase name="Example #1.3" classname="io.cucumber.junit.platform.engine.CucumberTestEngine" time="0">
    <skipped message="&apos;cucumber.filter.tags=@wip&apos; did not match this scenario"/>
  </testcase>
  <testcase name="Example #1.4" classname="io.cucumber.junit.platform.engine.CucumberTestEngine" time="0">
    <skipped message="&apos;cucumber.filter.tags=@wip&apos; did not match this scenario"/>
  </testcase>
  <testcase name="Example #1.4" classname="io.cucumber.junit.platform.engine.CucumberTestEngine" time="0">
    <skipped message="&apos;cucumber.filter.tags=@wip&apos; did not match this scenario"/>
  </testcase>
  <testcase name="Example #1.4" classname="io.cucumber.junit.platform.engine.CucumberTestEngine" time="0">
    <skipped message="&apos;cucumber.filter.tags=@wip&apos; did not match this scenario"/>
  </testcase>
  <testcase name="Example #1.4" classname="io.cucumber.junit.platform.engine.CucumberTestEngine" time="0">
    <skipped message="&apos;cucumber.filter.tags=@wip&apos; did not match this scenario"/>
  </testcase>
  <testcase name="Example #1.5" classname="io.cucumber.junit.platform.engine.CucumberTestEngine" time="0">
    <skipped message="&apos;cucumber.filter.tags=@wip&apos; did not match this scenario"/>
  </testcase>
  <testcase name="Example #1.5" classname="io.cucumber.junit.platform.engine.CucumberTestEngine" time="0">
    <skipped message="&apos;cucumber.filter.tags=@wip&apos; did not match this scenario"/>
  </testcase>
  <testcase name="Example #1.5" classname="io.cucumber.junit.platform.engine.CucumberTestEngine" time="0">
    <skipped message="&apos;cucumber.filter.tags=@wip&apos; did not match this scenario"/>
  </testcase>
  <testcase name="Example #1.5" classname="io.cucumber.junit.platform.engine.CucumberTestEngine" time="0">
    <skipped message="&apos;cucumber.filter.tags=@wip&apos; did not match this scenario"/>
  </testcase>
  <testcase name="Example #1.6" classname="io.cucumber.junit.platform.engine.CucumberTestEngine" time="0">
    <skipped message="&apos;cucumber.filter.tags=@wip&apos; did not match this scenario"/>
  </testcase>
  <testcase name="Example #1.6" classname="io.cucumber.junit.platform.engine.CucumberTestEngine" time="0">
    <skipped message="&apos;cucumber.filter.tags=@wip&apos; did not match this scenario"/>
  </testcase>
  <testcase name="Example #1.6" classname="io.cucumber.junit.platform.engine.CucumberTestEngine" time="0">
    <skipped message="&apos;cucumber.filter.tags=@wip&apos; did not match this scenario"/>
  </testcase>
  <testcase name="Example #1.7" classname="io.cucumber.junit.platform.engine.CucumberTestEngine" time="0">
    <skipped message="&apos;cucumber.filter.tags=@wip&apos; did not match this scenario"/>
  </testcase>
  <testcase name="Example #1.7" classname="io.cucumber.junit.platform.engine.CucumberTestEngine" time="0">
    <skipped message="&apos;cucumber.filter.tags=@wip&apos; did not match this scenario"/>
  </testcase>
  <testcase name="Example #1.8" classname="io.cucumber.junit.platform.engine.CucumberTestEngine" time="0">
    <skipped message="&apos;cucumber.filter.tags=@wip&apos; did not match this scenario"/>
  </testcase>
  <testcase name="TC21 Kullanici butonlarin calistirabilmeli" classname="io.cucumber.junit.platform.engine.CucumberTestEngine" time="8.364"/>
</testsuite>